<?xml version="1.0" encoding="UTF-8"?>
<!-- Generated by org.testng.reporters.JUnitReportReporter -->
<testsuite hostname="DESKTOP-S1MQ5B3" failures="0" tests="1" name="com.qa.TestLayer.TC_03_ValidateHeaderText" time="7.357" errors="0" timestamp="2024-03-23T15:28:39 IST" skipped="0">
  <testcase classname="com.qa.TestLayer.TC_03_ValidateHeaderText" name="validateRegisterForm" time="7.357"/>
  <system-out/>
</testsuite> <!-- com.qa.TestLayer.TC_03_ValidateHeaderText -->
