<?xml version="1.0" encoding="UTF-8"?>
<!-- Generated by org.testng.reporters.JUnitReportReporter -->
<testsuite hostname="DESKTOP-S1MQ5B3" failures="0" tests="1" name="com.qa.TestLayer.TC_01_RegistrationForm" time="15.370" errors="0" timestamp="2024-03-23T15:28:39 IST" skipped="0">
  <testcase classname="com.qa.TestLayer.TC_01_RegistrationForm" name="validateRegisterForm" time="15.370"/>
  <system-out/>
</testsuite> <!-- com.qa.TestLayer.TC_01_RegistrationForm -->
